[26 Aug, 2025 - 12:28:36:2836] [31merror[39m: [31mLogin Error: 401[39m
[26 Aug, 2025 - 12:47:02:472] [31merror[39m: [31mLogin Error: 401[39m
[26 Aug, 2025 - 12:47:07:477] [31merror[39m: [31mLogin Error: 401[39m
[26 Aug, 2025 - 12:47:08:478] [31merror[39m: [31mLogin Error: 401[39m
[26 Aug, 2025 - 21:31:18:3118] [31merror[39m: [31mUpdate Employee Error: Employee validation failed: phoneNumber: Phone number must be 10 digits[39m
[27 Aug, 2025 - 09:18:31:1831] [31merror[39m: [31mLogin Error: 401[39m
[27 Aug, 2025 - 09:18:41:1841] [31merror[39m: [31mLogin Error: 401[39m
[27 Aug, 2025 - 22:23:49:2349] [31merror[39m: [31mLogin Error: 401[39m
[27 Aug, 2025 - 22:23:54:2354] [31merror[39m: [31mLogin Error: 401[39m
[27 Aug, 2025 - 22:24:03:243] [31merror[39m: [31mLogin Error: 401[39m
[27 Aug, 2025 - 22:24:08:248] [31merror[39m: [31mLogin Error: 401[39m
[27 Aug, 2025 - 22:24:10:2410] [31merror[39m: [31mLogin Error: 401[39m
[27 Aug, 2025 - 22:24:53:2453] [31merror[39m: [31mLogin Error: 401[39m
[27 Aug, 2025 - 22:25:03:253] [31merror[39m: [31mLogin Error: 401[39m
[27 Aug, 2025 - 22:25:59:2559] [31merror[39m: [31mLogin Error: 401[39m
[27 Aug, 2025 - 22:26:02:262] [31merror[39m: [31mLogin Error: 401[39m
[27 Aug, 2025 - 22:26:03:263] [31merror[39m: [31mLogin Error: 401[39m
[27 Aug, 2025 - 22:26:05:265] [31merror[39m: [31mLogin Error: 401[39m
[27 Aug, 2025 - 22:26:05:265] [31merror[39m: [31mLogin Error: 401[39m
[27 Aug, 2025 - 22:26:05:265] [31merror[39m: [31mLogin Error: 401[39m
[27 Aug, 2025 - 22:26:05:265] [31merror[39m: [31mLogin Error: 401[39m
[27 Aug, 2025 - 22:26:06:266] [31merror[39m: [31mLogin Error: 401[39m
[27 Aug, 2025 - 22:26:08:268] [31merror[39m: [31mLogin Error: 401[39m
[27 Aug, 2025 - 22:26:09:269] [31merror[39m: [31mLogin Error: 401[39m
[27 Aug, 2025 - 22:26:09:269] [31merror[39m: [31mLogin Error: 401[39m
[27 Aug, 2025 - 22:26:10:2610] [31merror[39m: [31mLogin Error: 401[39m
[27 Aug, 2025 - 22:26:10:2610] [31merror[39m: [31mLogin Error: 401[39m
[27 Aug, 2025 - 22:26:10:2610] [31merror[39m: [31mLogin Error: 401[39m
[27 Aug, 2025 - 22:26:12:2612] [31merror[39m: [31mLogin Error: 401[39m
[27 Aug, 2025 - 22:26:14:2614] [31merror[39m: [31mLogin Error: 401[39m
[27 Aug, 2025 - 22:26:14:2614] [31merror[39m: [31mLogin Error: 401[39m
[27 Aug, 2025 - 22:26:15:2615] [31merror[39m: [31mLogin Error: 401[39m
[27 Aug, 2025 - 22:26:15:2615] [31merror[39m: [31mLogin Error: 401[39m
[27 Aug, 2025 - 22:26:15:2615] [31merror[39m: [31mLogin Error: 401[39m
[27 Aug, 2025 - 22:26:16:2616] [31merror[39m: [31mLogin Error: 401[39m
[27 Aug, 2025 - 22:26:18:2618] [31merror[39m: [31mLogin Error: 401[39m
[27 Aug, 2025 - 22:26:18:2618] [31merror[39m: [31mLogin Error: 401[39m
[27 Aug, 2025 - 22:26:19:2619] [31merror[39m: [31mLogin Error: 401[39m
[27 Aug, 2025 - 22:26:19:2619] [31merror[39m: [31mLogin Error: 401[39m
[27 Aug, 2025 - 22:26:19:2619] [31merror[39m: [31mLogin Error: 401[39m
[27 Aug, 2025 - 22:26:21:2621] [31merror[39m: [31mLogin Error: 401[39m
[27 Aug, 2025 - 22:26:22:2622] [31merror[39m: [31mLogin Error: 401[39m
[27 Aug, 2025 - 22:26:23:2623] [31merror[39m: [31mLogin Error: 401[39m
[27 Aug, 2025 - 22:26:23:2623] [31merror[39m: [31mLogin Error: 401[39m
[27 Aug, 2025 - 22:26:23:2623] [31merror[39m: [31mLogin Error: 401[39m
[27 Aug, 2025 - 22:26:23:2623] [31merror[39m: [31mLogin Error: 401[39m
[27 Aug, 2025 - 22:26:25:2625] [31merror[39m: [31mLogin Error: 401[39m
[27 Aug, 2025 - 22:26:26:2626] [31merror[39m: [31mLogin Error: 401[39m
[27 Aug, 2025 - 22:26:27:2627] [31merror[39m: [31mLogin Error: 401[39m
[27 Aug, 2025 - 22:26:27:2627] [31merror[39m: [31mLogin Error: 401[39m
[27 Aug, 2025 - 22:26:27:2627] [31merror[39m: [31mLogin Error: 401[39m
[27 Aug, 2025 - 22:26:27:2627] [31merror[39m: [31mLogin Error: 401[39m
[27 Aug, 2025 - 22:26:28:2628] [31merror[39m: [31mLogin Error: 401[39m
[27 Aug, 2025 - 22:26:41:2641] [31merror[39m: [31mLogin Error: 401[39m
[27 Aug, 2025 - 22:28:38:2838] [31merror[39m: [31mLogin Error: 401[39m
[27 Aug, 2025 - 22:30:23:3023] [31merror[39m: [31mLogin Error: 401[39m
[27 Aug, 2025 - 22:30:38:3038] [31merror[39m: [31mLogin Error: 401[39m
[27 Aug, 2025 - 22:33:03:333] [31merror[39m: [31mRegister Error: Employee validation failed: phoneNumber: Phone number must be 10 digits[39m
[27 Aug, 2025 - 22:33:17:3317] [31merror[39m: [31mRegister Error: Employee validation failed: phoneNumber: Phone number must be 10 digits[39m
[15 Oct, 2025 - 21:35:38:3538] [31merror[39m: [31m🚨 All MongoDB connection attempts failed![39m
[15 Oct, 2025 - 21:35:48:3548] [31merror[39m: [31m🚨 All MongoDB connection attempts failed![39m
[15 Oct, 2025 - 21:36:30:3630] [31merror[39m: [31m🚨 All MongoDB connection attempts failed![39m
[24 Oct, 2025 - 00:22:13:2213] [31merror[39m: [31m🚨 All MongoDB connection attempts failed![39m
[24 Oct, 2025 - 00:27:15:2715] [31merror[39m: [31m🚨 All MongoDB connection attempts failed![39m
[24 Oct, 2025 - 00:27:32:2732] [31merror[39m: [31m🚨 All MongoDB connection attempts failed![39m
[24 Oct, 2025 - 00:29:22:2922] [31merror[39m: [31m🚨 All MongoDB connection attempts failed![39m
[24 Oct, 2025 - 00:29:22:2922] [31merror[39m: [31mPlease ensure MongoDB is running locally or check your Atlas connection.[39m
[24 Oct, 2025 - 00:29:27:2927] [31merror[39m: [31m🚨 All MongoDB connection attempts failed![39m
[24 Oct, 2025 - 00:29:27:2927] [31merror[39m: [31mPlease ensure MongoDB is running locally or check your Atlas connection.[39m
[24 Oct, 2025 - 00:30:08:308] [31merror[39m: [31m🚨 All MongoDB connection attempts failed![39m
[24 Oct, 2025 - 00:30:08:308] [31merror[39m: [31mPlease ensure MongoDB is running locally or check your Atlas connection.[39m
[24 Oct, 2025 - 00:30:16:3016] [31merror[39m: [31m🚨 All MongoDB connection attempts failed![39m
[24 Oct, 2025 - 00:30:16:3016] [31merror[39m: [31mPlease ensure MongoDB is running locally or check your Atlas connection.[39m
[24 Oct, 2025 - 00:31:09:319] [31merror[39m: [31m🚨 All MongoDB connection attempts failed![39m
[24 Oct, 2025 - 00:31:09:319] [31merror[39m: [31mPlease ensure MongoDB is running locally or check your Atlas connection.[39m
[24 Oct, 2025 - 00:31:15:3115] [31merror[39m: [31m🚨 All MongoDB connection attempts failed![39m
[24 Oct, 2025 - 00:31:15:3115] [31merror[39m: [31mPlease ensure MongoDB is running locally or check your Atlas connection.[39m
[24 Oct, 2025 - 00:31:59:3159] [31merror[39m: [31m🚨 All MongoDB connection attempts failed![39m
[24 Oct, 2025 - 00:31:59:3159] [31merror[39m: [31mPlease ensure MongoDB is running locally or check your Atlas connection.[39m
[24 Oct, 2025 - 00:32:07:327] [31merror[39m: [31m🚨 All MongoDB connection attempts failed![39m
[24 Oct, 2025 - 00:32:07:327] [31merror[39m: [31mPlease ensure MongoDB is running locally or check your Atlas connection.[39m
[22 Nov, 2025 - 11:18:33:1833] [31merror[39m: [31mTarget audit reminder job failed: write ECONNRESET[39m
[22 Nov, 2025 - 15:56:10:5610] [31merror[39m: [31mTarget audit reminder job failed: getaddrinfo ENOTFOUND cluster0-shard-00-01.knfen.mongodb.net[39m
[23 Nov, 2025 - 14:19:02:192] [31merror[39m: [31mTarget audit reminder job failed: getaddrinfo ENOTFOUND cluster0-shard-00-01.knfen.mongodb.net[39m
[23 Nov, 2025 - 14:19:12:1912] [31merror[39m: [31mTarget audit reminder job failed: Socket 'secureConnect' timed out after 6175ms (connectTimeoutMS: 5000)[39m
[23 Nov, 2025 - 14:19:22:1922] [31merror[39m: [31mTarget audit reminder job failed: Socket 'secureConnect' timed out after 8514ms (connectTimeoutMS: 5000)[39m
[23 Nov, 2025 - 14:19:32:1932] [31merror[39m: [31mTarget audit reminder job failed: Socket 'secureConnect' timed out after 8848ms (connectTimeoutMS: 5000)[39m
[23 Nov, 2025 - 14:19:42:1942] [31merror[39m: [31mTarget audit reminder job failed: Socket 'secureConnect' timed out after 9404ms (connectTimeoutMS: 5000)[39m
[23 Nov, 2025 - 14:19:52:1952] [31merror[39m: [31mTarget audit reminder job failed: connection <monitor> to 159.41.229.92:27017 timed out[39m
[23 Nov, 2025 - 14:20:02:202] [31merror[39m: [31mTarget audit reminder job failed: Socket 'secureConnect' timed out after 9404ms (connectTimeoutMS: 5000)[39m
[23 Nov, 2025 - 14:20:12:2012] [31merror[39m: [31mTarget audit reminder job failed: Socket 'secureConnect' timed out after 9371ms (connectTimeoutMS: 5000)[39m
[23 Nov, 2025 - 14:20:22:2022] [31merror[39m: [31mTarget audit reminder job failed: Socket 'secureConnect' timed out after 6498ms (connectTimeoutMS: 5000)[39m
[23 Nov, 2025 - 14:20:32:2032] [31merror[39m: [31mTarget audit reminder job failed: Socket 'secureConnect' timed out after 9443ms (connectTimeoutMS: 5000)[39m
[23 Nov, 2025 - 14:20:54:2054] [31merror[39m: [31mFailed to update lastReminderDate for 69209e22f21472b73a18f3fb: Socket 'secureConnect' timed out after 6730ms (connectTimeoutMS: 5000)[39m
[23 Nov, 2025 - 14:21:00:210] [31merror[39m: [31mFailed to send target audit reminder to jatinnagar563@gmail.com: Connection timeout[39m
[23 Nov, 2025 - 16:58:41:5841] [31merror[39m: [31mTarget audit reminder job failed: Socket 'secureConnect' timed out after 5007ms (connectTimeoutMS: 5000)[39m
[23 Nov, 2025 - 18:44:13:4413] [31merror[39m: [31mTarget audit reminder job failed: connection <monitor> to 159.41.229.92:27017 timed out[39m
[23 Nov, 2025 - 18:44:17:4417] [31merror[39m: [31mTarget audit reminder job failed: Socket 'secureConnect' timed out after 5012ms (connectTimeoutMS: 5000)[39m
[23 Nov, 2025 - 18:44:27:4427] [31merror[39m: [31mTarget audit reminder job failed: getaddrinfo ENOTFOUND cluster0-shard-00-01.knfen.mongodb.net[39m
[23 Nov, 2025 - 18:44:37:4437] [31merror[39m: [31mTarget audit reminder job failed: getaddrinfo ENOTFOUND cluster0-shard-00-01.knfen.mongodb.net[39m
[23 Nov, 2025 - 18:44:47:4447] [31merror[39m: [31mTarget audit reminder job failed: getaddrinfo ENOTFOUND cluster0-shard-00-01.knfen.mongodb.net[39m
[23 Nov, 2025 - 18:44:57:4457] [31merror[39m: [31mTarget audit reminder job failed: getaddrinfo ENOTFOUND cluster0-shard-00-01.knfen.mongodb.net[39m
[23 Nov, 2025 - 18:45:07:457] [31merror[39m: [31mTarget audit reminder job failed: getaddrinfo ENOTFOUND cluster0-shard-00-01.knfen.mongodb.net[39m
[23 Nov, 2025 - 18:45:17:4517] [31merror[39m: [31mTarget audit reminder job failed: getaddrinfo ENOTFOUND cluster0-shard-00-01.knfen.mongodb.net[39m
[23 Nov, 2025 - 18:45:45:4545] [31merror[39m: [31mTarget audit reminder job failed: getaddrinfo ENOTFOUND cluster0-shard-00-01.knfen.mongodb.net[39m
[23 Nov, 2025 - 18:47:57:4757] [31merror[39m: [31mTarget audit reminder job failed: connection <monitor> to 159.41.229.92:27017 timed out[39m
[23 Nov, 2025 - 18:48:07:487] [31merror[39m: [31mTarget audit reminder job failed: getaddrinfo ENOTFOUND cluster0-shard-00-01.knfen.mongodb.net[39m
[23 Nov, 2025 - 18:48:17:4817] [31merror[39m: [31mTarget audit reminder job failed: getaddrinfo ENOTFOUND cluster0-shard-00-01.knfen.mongodb.net[39m
[23 Nov, 2025 - 18:48:27:4827] [31merror[39m: [31mTarget audit reminder job failed: getaddrinfo ENOTFOUND cluster0-shard-00-01.knfen.mongodb.net[39m
[23 Nov, 2025 - 18:48:37:4837] [31merror[39m: [31mTarget audit reminder job failed: getaddrinfo ENOTFOUND cluster0-shard-00-01.knfen.mongodb.net[39m
[24 Nov, 2025 - 09:15:22:1522] [31merror[39m: [31mTarget audit reminder job failed: connection <monitor> to 159.41.229.92:27017 timed out[39m
[24 Nov, 2025 - 09:15:32:1532] [31merror[39m: [31mTarget audit reminder job failed: getaddrinfo ENOTFOUND cluster0-shard-00-01.knfen.mongodb.net[39m
[24 Nov, 2025 - 09:15:42:1542] [31merror[39m: [31mTarget audit reminder job failed: getaddrinfo ENOTFOUND cluster0-shard-00-01.knfen.mongodb.net[39m
[24 Nov, 2025 - 09:15:52:1552] [31merror[39m: [31mTarget audit reminder job failed: getaddrinfo ENOTFOUND cluster0-shard-00-01.knfen.mongodb.net[39m
[24 Nov, 2025 - 09:16:02:162] [31merror[39m: [31mTarget audit reminder job failed: getaddrinfo ENOTFOUND cluster0-shard-00-01.knfen.mongodb.net[39m
[24 Nov, 2025 - 09:16:12:1612] [31merror[39m: [31mTarget audit reminder job failed: getaddrinfo ENOTFOUND cluster0-shard-00-01.knfen.mongodb.net[39m
[24 Nov, 2025 - 12:47:21:4721] [31merror[39m: [31mTarget audit reminder job failed: connection <monitor> to 159.41.251.56:27017 timed out[39m
[24 Nov, 2025 - 14:34:47:3447] [31merror[39m: [31mTarget audit reminder job failed: write ECONNRESET[39m
[24 Nov, 2025 - 18:30:56:3056] [31merror[39m: [31mTarget audit reminder job failed: write ECONNRESET[39m
[24 Nov, 2025 - 23:20:47:2047] [31merror[39m: [31mTarget audit reminder job failed: read ECONNRESET[39m
[25 Nov, 2025 - 11:47:39:4739] [31merror[39m: [31mTarget audit reminder job failed: getaddrinfo ENOTFOUND cluster0-shard-00-01.knfen.mongodb.net[39m
[25 Nov, 2025 - 23:02:14:214] [31merror[39m: [31mTarget audit reminder job failed: getaddrinfo ENOTFOUND cluster0-shard-00-01.knfen.mongodb.net[39m
[26 Nov, 2025 - 14:01:04:14] [31merror[39m: [31mTarget audit reminder job failed: connection <monitor> to 159.41.251.56:27017 timed out[39m
[26 Nov, 2025 - 14:01:14:114] [31merror[39m: [31mTarget audit reminder job failed: getaddrinfo ENOTFOUND cluster0-shard-00-00.knfen.mongodb.net[39m
[26 Nov, 2025 - 14:01:24:124] [31merror[39m: [31mTarget audit reminder job failed: getaddrinfo ENOTFOUND cluster0-shard-00-00.knfen.mongodb.net[39m
[26 Nov, 2025 - 14:01:34:134] [31merror[39m: [31mTarget audit reminder job failed: getaddrinfo ENOTFOUND cluster0-shard-00-00.knfen.mongodb.net[39m
[26 Nov, 2025 - 15:08:21:821] [31merror[39m: [31mTarget audit reminder job failed: getaddrinfo ENOTFOUND cluster0-shard-00-00.knfen.mongodb.net[39m
[26 Nov, 2025 - 15:08:30:830] [31merror[39m: [31mTarget audit reminder job failed: getaddrinfo ENOTFOUND cluster0-shard-00-00.knfen.mongodb.net[39m
[26 Nov, 2025 - 15:08:40:840] [31merror[39m: [31mTarget audit reminder job failed: getaddrinfo ENOTFOUND cluster0-shard-00-00.knfen.mongodb.net[39m
[26 Nov, 2025 - 15:08:50:850] [31merror[39m: [31mTarget audit reminder job failed: getaddrinfo ENOTFOUND cluster0-shard-00-00.knfen.mongodb.net[39m
[26 Nov, 2025 - 15:09:00:90] [31merror[39m: [31mTarget audit reminder job failed: getaddrinfo ENOTFOUND cluster0-shard-00-00.knfen.mongodb.net[39m
[26 Nov, 2025 - 15:09:10:910] [31merror[39m: [31mTarget audit reminder job failed: getaddrinfo ENOTFOUND cluster0-shard-00-00.knfen.mongodb.net[39m
[26 Nov, 2025 - 15:09:20:920] [31merror[39m: [31mTarget audit reminder job failed: getaddrinfo ENOTFOUND cluster0-shard-00-00.knfen.mongodb.net[39m
[26 Nov, 2025 - 15:09:30:930] [31merror[39m: [31mTarget audit reminder job failed: getaddrinfo ENOTFOUND cluster0-shard-00-00.knfen.mongodb.net[39m
[26 Nov, 2025 - 15:09:40:940] [31merror[39m: [31mTarget audit reminder job failed: getaddrinfo ENOTFOUND cluster0-shard-00-00.knfen.mongodb.net[39m
[26 Nov, 2025 - 15:09:50:950] [31merror[39m: [31mTarget audit reminder job failed: getaddrinfo ENOTFOUND cluster0-shard-00-00.knfen.mongodb.net[39m
[26 Nov, 2025 - 15:10:00:100] [31merror[39m: [31mTarget audit reminder job failed: getaddrinfo ENOTFOUND cluster0-shard-00-00.knfen.mongodb.net[39m
[26 Nov, 2025 - 15:10:10:1010] [31merror[39m: [31mTarget audit reminder job failed: getaddrinfo ENOTFOUND cluster0-shard-00-00.knfen.mongodb.net[39m
[26 Nov, 2025 - 15:10:20:1020] [31merror[39m: [31mTarget audit reminder job failed: getaddrinfo ENOTFOUND cluster0-shard-00-00.knfen.mongodb.net[39m
[26 Nov, 2025 - 15:10:30:1030] [31merror[39m: [31mTarget audit reminder job failed: getaddrinfo ENOTFOUND cluster0-shard-00-00.knfen.mongodb.net[39m
[26 Nov, 2025 - 15:56:54:5654] [31merror[39m: [31mTarget audit reminder job failed: getaddrinfo ENOTFOUND cluster0-shard-00-00.knfen.mongodb.net[39m
[26 Nov, 2025 - 15:57:04:574] [31merror[39m: [31mTarget audit reminder job failed: getaddrinfo ENOTFOUND cluster0-shard-00-00.knfen.mongodb.net[39m
[26 Nov, 2025 - 15:57:14:5714] [31merror[39m: [31mTarget audit reminder job failed: getaddrinfo ENOTFOUND cluster0-shard-00-00.knfen.mongodb.net[39m
[26 Nov, 2025 - 15:57:24:5724] [31merror[39m: [31mTarget audit reminder job failed: getaddrinfo ENOTFOUND cluster0-shard-00-00.knfen.mongodb.net[39m
[26 Nov, 2025 - 15:57:34:5734] [31merror[39m: [31mTarget audit reminder job failed: getaddrinfo ENOTFOUND cluster0-shard-00-00.knfen.mongodb.net[39m
[26 Nov, 2025 - 15:57:44:5744] [31merror[39m: [31mTarget audit reminder job failed: getaddrinfo ENOTFOUND cluster0-shard-00-00.knfen.mongodb.net[39m
[26 Nov, 2025 - 15:57:54:5754] [31merror[39m: [31mTarget audit reminder job failed: getaddrinfo ENOTFOUND cluster0-shard-00-00.knfen.mongodb.net[39m
[26 Nov, 2025 - 15:58:04:584] [31merror[39m: [31mTarget audit reminder job failed: getaddrinfo ENOTFOUND cluster0-shard-00-00.knfen.mongodb.net[39m
[26 Nov, 2025 - 15:58:14:5814] [31merror[39m: [31mTarget audit reminder job failed: getaddrinfo ENOTFOUND cluster0-shard-00-00.knfen.mongodb.net[39m
[26 Nov, 2025 - 15:58:24:5824] [31merror[39m: [31mTarget audit reminder job failed: getaddrinfo ENOTFOUND cluster0-shard-00-00.knfen.mongodb.net[39m
[26 Nov, 2025 - 15:58:34:5834] [31merror[39m: [31mTarget audit reminder job failed: getaddrinfo ENOTFOUND cluster0-shard-00-00.knfen.mongodb.net[39m
[26 Nov, 2025 - 15:58:44:5844] [31merror[39m: [31mTarget audit reminder job failed: getaddrinfo ENOTFOUND cluster0-shard-00-00.knfen.mongodb.net[39m
[26 Nov, 2025 - 15:58:54:5854] [31merror[39m: [31mTarget audit reminder job failed: getaddrinfo ENOTFOUND cluster0-shard-00-00.knfen.mongodb.net[39m
[26 Nov, 2025 - 15:59:04:594] [31merror[39m: [31mTarget audit reminder job failed: getaddrinfo ENOTFOUND cluster0-shard-00-00.knfen.mongodb.net[39m
[26 Nov, 2025 - 15:59:14:5914] [31merror[39m: [31mTarget audit reminder job failed: getaddrinfo ENOTFOUND cluster0-shard-00-00.knfen.mongodb.net[39m
[26 Nov, 2025 - 15:59:24:5924] [31merror[39m: [31mTarget audit reminder job failed: getaddrinfo ENOTFOUND cluster0-shard-00-00.knfen.mongodb.net[39m
[26 Nov, 2025 - 15:59:34:5934] [31merror[39m: [31mTarget audit reminder job failed: getaddrinfo ENOTFOUND cluster0-shard-00-00.knfen.mongodb.net[39m
[26 Nov, 2025 - 15:59:44:5944] [31merror[39m: [31mTarget audit reminder job failed: getaddrinfo ENOTFOUND cluster0-shard-00-00.knfen.mongodb.net[39m
[26 Nov, 2025 - 15:59:54:5954] [31merror[39m: [31mTarget audit reminder job failed: getaddrinfo ENOTFOUND cluster0-shard-00-00.knfen.mongodb.net[39m
[26 Nov, 2025 - 16:00:04:04] [31merror[39m: [31mTarget audit reminder job failed: getaddrinfo ENOTFOUND cluster0-shard-00-00.knfen.mongodb.net[39m
[26 Nov, 2025 - 16:00:14:014] [31merror[39m: [31mTarget audit reminder job failed: getaddrinfo ENOTFOUND cluster0-shard-00-00.knfen.mongodb.net[39m
[26 Nov, 2025 - 16:00:24:024] [31merror[39m: [31mTarget audit reminder job failed: getaddrinfo ENOTFOUND cluster0-shard-00-00.knfen.mongodb.net[39m
[26 Nov, 2025 - 16:00:34:034] [31merror[39m: [31mTarget audit reminder job failed: getaddrinfo ENOTFOUND cluster0-shard-00-00.knfen.mongodb.net[39m
[26 Nov, 2025 - 16:00:44:044] [31merror[39m: [31mTarget audit reminder job failed: getaddrinfo ENOTFOUND cluster0-shard-00-00.knfen.mongodb.net[39m
[26 Nov, 2025 - 16:00:54:054] [31merror[39m: [31mTarget audit reminder job failed: getaddrinfo ENOTFOUND cluster0-shard-00-00.knfen.mongodb.net[39m
[26 Nov, 2025 - 16:01:04:14] [31merror[39m: [31mTarget audit reminder job failed: getaddrinfo ENOTFOUND cluster0-shard-00-00.knfen.mongodb.net[39m
[26 Nov, 2025 - 16:01:14:114] [31merror[39m: [31mTarget audit reminder job failed: getaddrinfo ENOTFOUND cluster0-shard-00-00.knfen.mongodb.net[39m
[26 Nov, 2025 - 16:01:24:124] [31merror[39m: [31mTarget audit reminder job failed: getaddrinfo ENOTFOUND cluster0-shard-00-00.knfen.mongodb.net[39m
[26 Nov, 2025 - 16:01:34:134] [31merror[39m: [31mTarget audit reminder job failed: getaddrinfo ENOTFOUND cluster0-shard-00-00.knfen.mongodb.net[39m
[26 Nov, 2025 - 16:01:44:144] [31merror[39m: [31mTarget audit reminder job failed: getaddrinfo ENOTFOUND cluster0-shard-00-00.knfen.mongodb.net[39m
[26 Nov, 2025 - 16:01:54:154] [31merror[39m: [31mTarget audit reminder job failed: getaddrinfo ENOTFOUND cluster0-shard-00-00.knfen.mongodb.net[39m
[26 Nov, 2025 - 16:02:04:24] [31merror[39m: [31mTarget audit reminder job failed: getaddrinfo ENOTFOUND cluster0-shard-00-00.knfen.mongodb.net[39m
[26 Nov, 2025 - 16:02:14:214] [31merror[39m: [31mTarget audit reminder job failed: getaddrinfo ENOTFOUND cluster0-shard-00-00.knfen.mongodb.net[39m
[26 Nov, 2025 - 16:02:24:224] [31merror[39m: [31mTarget audit reminder job failed: getaddrinfo ENOTFOUND cluster0-shard-00-00.knfen.mongodb.net[39m
[26 Nov, 2025 - 16:02:34:234] [31merror[39m: [31mTarget audit reminder job failed: getaddrinfo ENOTFOUND cluster0-shard-00-00.knfen.mongodb.net[39m
[26 Nov, 2025 - 16:02:44:244] [31merror[39m: [31mTarget audit reminder job failed: getaddrinfo ENOTFOUND cluster0-shard-00-00.knfen.mongodb.net[39m
[26 Nov, 2025 - 16:02:54:254] [31merror[39m: [31mTarget audit reminder job failed: getaddrinfo ENOTFOUND cluster0-shard-00-00.knfen.mongodb.net[39m
[26 Nov, 2025 - 16:03:04:34] [31merror[39m: [31mTarget audit reminder job failed: getaddrinfo ENOTFOUND cluster0-shard-00-00.knfen.mongodb.net[39m
[26 Nov, 2025 - 16:03:14:314] [31merror[39m: [31mTarget audit reminder job failed: getaddrinfo ENOTFOUND cluster0-shard-00-00.knfen.mongodb.net[39m
[26 Nov, 2025 - 16:03:24:324] [31merror[39m: [31mTarget audit reminder job failed: getaddrinfo ENOTFOUND cluster0-shard-00-00.knfen.mongodb.net[39m
[26 Nov, 2025 - 16:03:34:334] [31merror[39m: [31mTarget audit reminder job failed: getaddrinfo ENOTFOUND cluster0-shard-00-00.knfen.mongodb.net[39m
[26 Nov, 2025 - 16:04:26:426] [31merror[39m: [31mTarget audit reminder job failed: getaddrinfo ENOTFOUND cluster0-shard-00-00.knfen.mongodb.net[39m
[26 Nov, 2025 - 16:04:26:426] [31merror[39m: [31mTarget audit reminder job failed: getaddrinfo ENOTFOUND cluster0-shard-00-00.knfen.mongodb.net[39m
[26 Nov, 2025 - 16:04:34:434] [31merror[39m: [31mTarget audit reminder job failed: getaddrinfo ENOTFOUND cluster0-shard-00-00.knfen.mongodb.net[39m
[26 Nov, 2025 - 16:04:44:444] [31merror[39m: [31mTarget audit reminder job failed: getaddrinfo ENOTFOUND cluster0-shard-00-00.knfen.mongodb.net[39m
[26 Nov, 2025 - 16:04:54:454] [31merror[39m: [31mTarget audit reminder job failed: getaddrinfo ENOTFOUND cluster0-shard-00-00.knfen.mongodb.net[39m
[26 Nov, 2025 - 16:05:04:54] [31merror[39m: [31mTarget audit reminder job failed: getaddrinfo ENOTFOUND cluster0-shard-00-00.knfen.mongodb.net[39m
[26 Nov, 2025 - 16:05:14:514] [31merror[39m: [31mTarget audit reminder job failed: getaddrinfo ENOTFOUND cluster0-shard-00-00.knfen.mongodb.net[39m
[26 Nov, 2025 - 16:05:24:524] [31merror[39m: [31mTarget audit reminder job failed: getaddrinfo ENOTFOUND cluster0-shard-00-00.knfen.mongodb.net[39m
[26 Nov, 2025 - 16:30:30:3030] [31merror[39m: [31mTarget audit reminder job failed: connection <monitor> to 159.41.251.56:27017 timed out[39m
[29 Nov, 2025 - 18:32:23:3223] [31merror[39m: [31mTarget audit reminder job failed: getaddrinfo ENOTFOUND cluster0-shard-00-02.knfen.mongodb.net[39m
[29 Nov, 2025 - 20:18:55:1855] [31merror[39m: [31mTarget audit reminder job failed: getaddrinfo ENOTFOUND cluster0-shard-00-02.knfen.mongodb.net[39m
[29 Nov, 2025 - 20:19:04:194] [31merror[39m: [31mTarget audit reminder job failed: getaddrinfo ENOTFOUND cluster0-shard-00-02.knfen.mongodb.net[39m
[29 Nov, 2025 - 20:19:14:1914] [31merror[39m: [31mTarget audit reminder job failed: getaddrinfo ENOTFOUND cluster0-shard-00-02.knfen.mongodb.net[39m
[29 Nov, 2025 - 20:19:24:1924] [31merror[39m: [31mTarget audit reminder job failed: getaddrinfo ENOTFOUND cluster0-shard-00-02.knfen.mongodb.net[39m
[29 Nov, 2025 - 20:19:34:1934] [31merror[39m: [31mTarget audit reminder job failed: getaddrinfo ENOTFOUND cluster0-shard-00-02.knfen.mongodb.net[39m
[29 Nov, 2025 - 20:19:44:1944] [31merror[39m: [31mTarget audit reminder job failed: getaddrinfo ENOTFOUND cluster0-shard-00-02.knfen.mongodb.net[39m
[29 Nov, 2025 - 20:19:54:1954] [31merror[39m: [31mTarget audit reminder job failed: getaddrinfo ENOTFOUND cluster0-shard-00-02.knfen.mongodb.net[39m
[29 Nov, 2025 - 20:20:04:204] [31merror[39m: [31mTarget audit reminder job failed: getaddrinfo ENOTFOUND cluster0-shard-00-02.knfen.mongodb.net[39m
[29 Nov, 2025 - 20:20:14:2014] [31merror[39m: [31mTarget audit reminder job failed: getaddrinfo ENOTFOUND cluster0-shard-00-02.knfen.mongodb.net[39m
[29 Nov, 2025 - 20:20:24:2024] [31merror[39m: [31mTarget audit reminder job failed: getaddrinfo ENOTFOUND cluster0-shard-00-02.knfen.mongodb.net[39m
[29 Nov, 2025 - 20:20:34:2034] [31merror[39m: [31mTarget audit reminder job failed: getaddrinfo ENOTFOUND cluster0-shard-00-02.knfen.mongodb.net[39m
[29 Nov, 2025 - 20:20:44:2044] [31merror[39m: [31mTarget audit reminder job failed: getaddrinfo ENOTFOUND cluster0-shard-00-02.knfen.mongodb.net[39m
[29 Nov, 2025 - 20:20:54:2054] [31merror[39m: [31mTarget audit reminder job failed: getaddrinfo ENOTFOUND cluster0-shard-00-02.knfen.mongodb.net[39m
[29 Nov, 2025 - 20:21:04:214] [31merror[39m: [31mTarget audit reminder job failed: getaddrinfo ENOTFOUND cluster0-shard-00-02.knfen.mongodb.net[39m
[29 Nov, 2025 - 20:21:14:2114] [31merror[39m: [31mTarget audit reminder job failed: getaddrinfo ENOTFOUND cluster0-shard-00-02.knfen.mongodb.net[39m
[29 Nov, 2025 - 20:21:24:2124] [31merror[39m: [31mTarget audit reminder job failed: getaddrinfo ENOTFOUND cluster0-shard-00-02.knfen.mongodb.net[39m
[29 Nov, 2025 - 20:21:34:2134] [31merror[39m: [31mTarget audit reminder job failed: getaddrinfo ENOTFOUND cluster0-shard-00-02.knfen.mongodb.net[39m
[29 Nov, 2025 - 20:21:44:2144] [31merror[39m: [31mTarget audit reminder job failed: getaddrinfo ENOTFOUND cluster0-shard-00-02.knfen.mongodb.net[39m
[29 Nov, 2025 - 20:21:54:2154] [31merror[39m: [31mTarget audit reminder job failed: getaddrinfo ENOTFOUND cluster0-shard-00-02.knfen.mongodb.net[39m
[29 Nov, 2025 - 20:22:04:224] [31merror[39m: [31mTarget audit reminder job failed: getaddrinfo ENOTFOUND cluster0-shard-00-02.knfen.mongodb.net[39m
[29 Nov, 2025 - 20:22:14:2214] [31merror[39m: [31mTarget audit reminder job failed: getaddrinfo ENOTFOUND cluster0-shard-00-02.knfen.mongodb.net[39m
[29 Nov, 2025 - 20:22:24:2224] [31merror[39m: [31mTarget audit reminder job failed: getaddrinfo ENOTFOUND cluster0-shard-00-02.knfen.mongodb.net[39m
[29 Nov, 2025 - 20:22:34:2234] [31merror[39m: [31mTarget audit reminder job failed: getaddrinfo ENOTFOUND cluster0-shard-00-02.knfen.mongodb.net[39m
[29 Nov, 2025 - 20:22:44:2244] [31merror[39m: [31mTarget audit reminder job failed: getaddrinfo ENOTFOUND cluster0-shard-00-02.knfen.mongodb.net[39m
[29 Nov, 2025 - 20:22:54:2254] [31merror[39m: [31mTarget audit reminder job failed: getaddrinfo ENOTFOUND cluster0-shard-00-02.knfen.mongodb.net[39m
[29 Nov, 2025 - 20:23:04:234] [31merror[39m: [31mTarget audit reminder job failed: getaddrinfo ENOTFOUND cluster0-shard-00-02.knfen.mongodb.net[39m
[29 Nov, 2025 - 21:35:24:3524] [31merror[39m: [31mTarget audit reminder job failed: write ECONNRESET[39m
[30 Nov, 2025 - 14:25:20:2520] [31merror[39m: [31mTarget audit reminder job failed: getaddrinfo ENOTFOUND cluster0-shard-00-02.knfen.mongodb.net[39m
[16 Dec, 2025 - 18:03:11:311] [31merror[39m: [31mTarget audit reminder job failed: connection <monitor> to 159.41.169.18:27017 timed out[39m
[16 Dec, 2025 - 18:03:16:316] [31merror[39m: [31mTarget audit reminder job failed: Socket 'secureConnect' timed out after 5006ms (connectTimeoutMS: 5000)[39m
[17 Dec, 2025 - 16:13:17:1317] [31merror[39m: [31mTarget audit reminder job failed: getaddrinfo ENOTFOUND cluster0-shard-00-02.knfen.mongodb.net[39m
[17 Dec, 2025 - 16:13:26:1326] [31merror[39m: [31mTarget audit reminder job failed: getaddrinfo ENOTFOUND cluster0-shard-00-02.knfen.mongodb.net[39m
[17 Dec, 2025 - 16:13:36:1336] [31merror[39m: [31mTarget audit reminder job failed: getaddrinfo ENOTFOUND cluster0-shard-00-02.knfen.mongodb.net[39m
[17 Dec, 2025 - 16:13:46:1346] [31merror[39m: [31mTarget audit reminder job failed: getaddrinfo ENOTFOUND cluster0-shard-00-02.knfen.mongodb.net[39m
[17 Dec, 2025 - 16:13:56:1356] [31merror[39m: [31mTarget audit reminder job failed: getaddrinfo ENOTFOUND cluster0-shard-00-02.knfen.mongodb.net[39m
[17 Dec, 2025 - 16:14:06:146] [31merror[39m: [31mTarget audit reminder job failed: getaddrinfo ENOTFOUND cluster0-shard-00-02.knfen.mongodb.net[39m
[31 Dec, 2025 - 23:35:03:353] [31merror[39m: [31mTarget audit reminder job failed: getaddrinfo ENOTFOUND cluster0-shard-00-00.knfen.mongodb.net[39m
[05 Jan, 2026 - 16:53:01:531] [31merror[39m: [31mTarget audit reminder job failed: Operation `employees.find()` buffering timed out after 10000ms[39m
[05 Jan, 2026 - 16:53:08:538] [31merror[39m: [31m🚨 All MongoDB connection attempts failed![39m
[05 Jan, 2026 - 16:53:08:538] [31merror[39m: [31mPlease ensure MongoDB is running locally or check your Atlas connection.[39m
[05 Jan, 2026 - 16:53:11:5311] [31merror[39m: [31mTarget audit reminder job failed: Operation `employees.find()` buffering timed out after 10000ms[39m
[05 Jan, 2026 - 16:53:21:5321] [31merror[39m: [31mTarget audit reminder job failed: Operation `employees.find()` buffering timed out after 10000ms[39m
[05 Jan, 2026 - 16:53:31:5331] [31merror[39m: [31mTarget audit reminder job failed: Operation `employees.find()` buffering timed out after 10000ms[39m
[05 Jan, 2026 - 16:53:41:5341] [31merror[39m: [31mTarget audit reminder job failed: Operation `employees.find()` buffering timed out after 10000ms[39m
[05 Jan, 2026 - 16:53:51:5351] [31merror[39m: [31mTarget audit reminder job failed: Operation `employees.find()` buffering timed out after 10000ms[39m
[05 Jan, 2026 - 19:46:20:4620] [31merror[39m: [31mTarget audit reminder job failed: getaddrinfo ENOTFOUND cluster0-shard-00-01.knfen.mongodb.net[39m
[05 Jan, 2026 - 19:46:30:4630] [31merror[39m: [31mTarget audit reminder job failed: getaddrinfo ENOTFOUND cluster0-shard-00-01.knfen.mongodb.net[39m
[05 Jan, 2026 - 19:46:40:4640] [31merror[39m: [31mTarget audit reminder job failed: getaddrinfo ENOTFOUND cluster0-shard-00-01.knfen.mongodb.net[39m
[05 Jan, 2026 - 19:46:50:4650] [31merror[39m: [31mTarget audit reminder job failed: getaddrinfo ENOTFOUND cluster0-shard-00-01.knfen.mongodb.net[39m
[05 Jan, 2026 - 19:47:00:470] [31merror[39m: [31mTarget audit reminder job failed: getaddrinfo ENOTFOUND cluster0-shard-00-01.knfen.mongodb.net[39m
[05 Jan, 2026 - 19:47:10:4710] [31merror[39m: [31mTarget audit reminder job failed: getaddrinfo ENOTFOUND cluster0-shard-00-01.knfen.mongodb.net[39m
[05 Jan, 2026 - 19:47:20:4720] [31merror[39m: [31mTarget audit reminder job failed: getaddrinfo ENOTFOUND cluster0-shard-00-01.knfen.mongodb.net[39m
[05 Jan, 2026 - 19:47:30:4730] [31merror[39m: [31mTarget audit reminder job failed: getaddrinfo ENOTFOUND cluster0-shard-00-01.knfen.mongodb.net[39m
[05 Jan, 2026 - 19:47:40:4740] [31merror[39m: [31mTarget audit reminder job failed: getaddrinfo ENOTFOUND cluster0-shard-00-01.knfen.mongodb.net[39m
[05 Jan, 2026 - 19:47:50:4750] [31merror[39m: [31mTarget audit reminder job failed: getaddrinfo ENOTFOUND cluster0-shard-00-01.knfen.mongodb.net[39m
[05 Jan, 2026 - 19:48:00:480] [31merror[39m: [31mTarget audit reminder job failed: getaddrinfo ENOTFOUND cluster0-shard-00-01.knfen.mongodb.net[39m
[05 Jan, 2026 - 19:48:10:4810] [31merror[39m: [31mTarget audit reminder job failed: getaddrinfo ENOTFOUND cluster0-shard-00-01.knfen.mongodb.net[39m
[05 Jan, 2026 - 19:48:20:4820] [31merror[39m: [31mTarget audit reminder job failed: getaddrinfo ENOTFOUND cluster0-shard-00-01.knfen.mongodb.net[39m
[05 Jan, 2026 - 19:48:30:4830] [31merror[39m: [31mTarget audit reminder job failed: getaddrinfo ENOTFOUND cluster0-shard-00-01.knfen.mongodb.net[39m
[05 Jan, 2026 - 19:48:40:4840] [31merror[39m: [31mTarget audit reminder job failed: getaddrinfo ENOTFOUND cluster0-shard-00-01.knfen.mongodb.net[39m
[05 Jan, 2026 - 19:48:50:4850] [31merror[39m: [31mTarget audit reminder job failed: getaddrinfo ENOTFOUND cluster0-shard-00-01.knfen.mongodb.net[39m
[05 Jan, 2026 - 19:49:00:490] [31merror[39m: [31mTarget audit reminder job failed: getaddrinfo ENOTFOUND cluster0-shard-00-01.knfen.mongodb.net[39m
[05 Jan, 2026 - 19:49:10:4910] [31merror[39m: [31mTarget audit reminder job failed: getaddrinfo ENOTFOUND cluster0-shard-00-01.knfen.mongodb.net[39m
[05 Jan, 2026 - 19:49:20:4920] [31merror[39m: [31mTarget audit reminder job failed: getaddrinfo ENOTFOUND cluster0-shard-00-01.knfen.mongodb.net[39m
[05 Jan, 2026 - 19:49:30:4930] [31merror[39m: [31mTarget audit reminder job failed: getaddrinfo ENOTFOUND cluster0-shard-00-01.knfen.mongodb.net[39m
[05 Jan, 2026 - 19:49:40:4940] [31merror[39m: [31mTarget audit reminder job failed: getaddrinfo ENOTFOUND cluster0-shard-00-01.knfen.mongodb.net[39m
[05 Jan, 2026 - 19:49:50:4950] [31merror[39m: [31mTarget audit reminder job failed: getaddrinfo ENOTFOUND cluster0-shard-00-01.knfen.mongodb.net[39m
[05 Jan, 2026 - 19:50:00:500] [31merror[39m: [31mTarget audit reminder job failed: getaddrinfo ENOTFOUND cluster0-shard-00-01.knfen.mongodb.net[39m
[05 Jan, 2026 - 19:50:10:5010] [31merror[39m: [31mTarget audit reminder job failed: getaddrinfo ENOTFOUND cluster0-shard-00-01.knfen.mongodb.net[39m
[05 Jan, 2026 - 19:50:20:5020] [31merror[39m: [31mTarget audit reminder job failed: getaddrinfo ENOTFOUND cluster0-shard-00-01.knfen.mongodb.net[39m
[05 Jan, 2026 - 19:50:30:5030] [31merror[39m: [31mTarget audit reminder job failed: getaddrinfo ENOTFOUND cluster0-shard-00-01.knfen.mongodb.net[39m
